Release 14.7 - ngc2edif P.20131013 (nt64)
Copyright (c) 1995-2013 Xilinx, Inc.  All rights reserved.
Reading design timer1seg.ngc ...
WARNING:NetListWriters:298 - No output is written to timer1seg.xncf, ignored.
Processing design ...
   Preping design's networks ...
   Preping design's macros ...
  finished :Prep
Writing EDIF netlist file timer1seg.edif ...
ngc2edif: Total memory usage is 78036 kilobytes

Release 14.7 - ngc2edif P.20131013 (nt64)
Copyright (c) 1995-2013 Xilinx, Inc.  All rights reserved.
Reading design timer1seg.ngc ...
WARNING:NetListWriters:298 - No output is written to timer1seg.xncf, ignored.
Processing design ...
   Preping design's networks ...
   Preping design's macros ...
  finished :Prep
Writing EDIF netlist file timer1seg.edif ...
ngc2edif: Total memory usage is 78036 kilobytes

