Release 14.7 - xst P.20131013 (nt64)
Copyright (c) 1995-2013 Xilinx, Inc.  All rights reserved.
--> Parameter TMPDIR set to xst/projnav.tmp


Total REAL time to Xst completion: 0.00 secs
Total CPU time to Xst completion: 0.14 secs
 
--> Parameter xsthdpdir set to xst


Total REAL time to Xst completion: 0.00 secs
Total CPU time to Xst completion: 0.14 secs
 
--> Reading design: alu8x8_p.prj

TABLE OF CONTENTS
  1) Synthesis Options Summary
  2) HDL Compilation
  3) Design Hierarchy Analysis
  4) HDL Analysis
  5) HDL Synthesis
     5.1) HDL Synthesis Report
  6) Advanced HDL Synthesis
     6.1) Advanced HDL Synthesis Report
  7) Low Level Synthesis
  8) Partition Report
  9) Final Report
	9.1) Device utilization summary
	9.2) Partition Resource Summary
	9.3) TIMING REPORT


=========================================================================
*                      Synthesis Options Summary                        *
=========================================================================
---- Source Parameters
Input File Name                    : "alu8x8_p.prj"
Input Format                       : mixed
Ignore Synthesis Constraint File   : NO

---- Target Parameters
Output File Name                   : "alu8x8_p"
Output Format                      : NGC
Target Device                      : xc3s500e-4-fg320

---- Source Options
Top Module Name                    : alu8x8_p
Automatic FSM Extraction           : YES
FSM Encoding Algorithm             : Auto
Safe Implementation                : No
FSM Style                          : LUT
RAM Extraction                     : Yes
RAM Style                          : Auto
ROM Extraction                     : Yes
Mux Style                          : Auto
Decoder Extraction                 : YES
Priority Encoder Extraction        : Yes
Shift Register Extraction          : YES
Logical Shifter Extraction         : YES
XOR Collapsing                     : YES
ROM Style                          : Auto
Mux Extraction                     : Yes
Resource Sharing                   : YES
Asynchronous To Synchronous        : NO
Multiplier Style                   : Auto
Automatic Register Balancing       : No

---- Target Options
Add IO Buffers                     : YES
Global Maximum Fanout              : 100000
Add Generic Clock Buffer(BUFG)     : 24
Register Duplication               : YES
Slice Packing                      : YES
Optimize Instantiated Primitives   : NO
Use Clock Enable                   : Yes
Use Synchronous Set                : Yes
Use Synchronous Reset              : Yes
Pack IO Registers into IOBs        : Auto
Equivalent register Removal        : YES

---- General Options
Optimization Goal                  : Speed
Optimization Effort                : 1
Keep Hierarchy                     : No
Netlist Hierarchy                  : As_Optimized
RTL Output                         : Yes
Global Optimization                : AllClockNets
Read Cores                         : YES
Write Timing Constraints           : NO
Cross Clock Analysis               : NO
Hierarchy Separator                : /
Bus Delimiter                      : <>
Case Specifier                     : Maintain
Slice Utilization Ratio            : 100
BRAM Utilization Ratio             : 100
Verilog 2001                       : YES
Auto BRAM Packing                  : NO
Slice Utilization Ratio Delta      : 5

=========================================================================


=========================================================================
*                          HDL Compilation                              *
=========================================================================
Compiling vhdl file "//vmware-host/shared folders/luishuesca/Documents/Masters/1st/Sistemas Digitales I/Practs/alu8x8_p.vhd" in Library work.
Entity <alu8x8_p> compiled.
Entity <alu8x8_p> (Architecture <arch>) compiled.

=========================================================================
*                     Design Hierarchy Analysis                         *
=========================================================================
Analyzing hierarchy for entity <alu8x8_p> in library <work> (architecture <arch>) with generics.
	n = 8


=========================================================================
*                            HDL Analysis                               *
=========================================================================
Analyzing generic Entity <alu8x8_p> in library <work> (Architecture <arch>).
	n = 8
Entity <alu8x8_p> analyzed. Unit <alu8x8_p> generated.


=========================================================================
*                           HDL Synthesis                               *
=========================================================================

Performing bidirectional port resolution...

Synthesizing Unit <alu8x8_p>.
    Related source file is "//vmware-host/shared folders/luishuesca/Documents/Masters/1st/Sistemas Digitales I/Practs/alu8x8_p.vhd".
    Found 8-bit adder for signal <res_int$add0000> created at line 51.
    Found 8x8-bit multiplier for signal <res_int$mult0000> created at line 40.
    Found 8-bit subtractor for signal <res_int$sub0000> created at line 38.
    Found 8-bit xor2 for signal <res_int$xor0000> created at line 46.
    Found 8-bit adder carry in for signal <res_int_7_0$add0000> created at line 34.
    Summary:
	inferred   3 Adder/Subtractor(s).
	inferred   1 Multiplier(s).
Unit <alu8x8_p> synthesized.


=========================================================================
HDL Synthesis Report

Macro Statistics
# Multipliers                                          : 1
 8x8-bit multiplier                                    : 1
# Adders/Subtractors                                   : 3
 8-bit adder                                           : 1
 8-bit adder carry in                                  : 1
 8-bit subtractor                                      : 1
# Xors                                                 : 1
 8-bit xor2                                            : 1

=========================================================================

=========================================================================
*                       Advanced HDL Synthesis                          *
=========================================================================


=========================================================================
Advanced HDL Synthesis Report

Macro Statistics
# Multipliers                                          : 1
 8x8-bit multiplier                                    : 1
# Adders/Subtractors                                   : 3
 8-bit adder                                           : 1
 8-bit adder carry in                                  : 1
 8-bit subtractor                                      : 1
# Xors                                                 : 1
 8-bit xor2                                            : 1

=========================================================================

=========================================================================
*                         Low Level Synthesis                           *
=========================================================================

Optimizing unit <alu8x8_p> ...

Mapping all equations...
Building and optimizing final netlist ...
Found area constraint ratio of 100 (+ 5) on block alu8x8_p, actual ratio is 1.

Final Macro Processing ...

=========================================================================
Final Register Report

Found no macro
=========================================================================

=========================================================================
*                           Partition Report                            *
=========================================================================

Partition Implementation Status
-------------------------------

  No Partitions were found in this design.

-------------------------------

=========================================================================
*                            Final Report                               *
=========================================================================
Final Results
RTL Top Level Output File Name     : alu8x8_p.ngr
Top Level Output File Name         : alu8x8_p
Output Format                      : NGC
Optimization Goal                  : Speed
Keep Hierarchy                     : No

Design Statistics
# IOs                              : 36

Cell Usage :
# BELS                             : 121
#      GND                         : 1
#      INV                         : 1
#      LUT2                        : 17
#      LUT3                        : 12
#      LUT4                        : 42
#      MUXCY                       : 14
#      MUXF5                       : 14
#      MUXF6                       : 3
#      VCC                         : 1
#      XORCY                       : 16
# IO Buffers                       : 36
#      IBUF                        : 20
#      OBUF                        : 16
# MULTs                            : 1
#      MULT18X18SIO                : 1
=========================================================================

Device utilization summary:
---------------------------

Selected Device : 3s500efg320-4 

 Number of Slices:                       39  out of   4656     0%  
 Number of 4 input LUTs:                 72  out of   9312     0%  
 Number of IOs:                          36
 Number of bonded IOBs:                  36  out of    232    15%  
 Number of MULT18X18SIOs:                 1  out of     20     5%  

---------------------------
Partition Resource Summary:
---------------------------

  No Partitions were found in this design.

---------------------------


=========================================================================
TIMING REPORT

NOTE: THESE TIMING NUMBERS ARE ONLY A SYNTHESIS ESTIMATE.
      FOR ACCURATE TIMING INFORMATION PLEASE REFER TO THE TRACE REPORT
      GENERATED AFTER PLACE-and-ROUTE.

Clock Information:
------------------
No clock signals found in this design

Asynchronous Control Signals Information:
----------------------------------------
No asynchronous control signals found in this design

Timing Summary:
---------------
Speed Grade: -4

   Minimum period: No path found
   Minimum input arrival time before clock: No path found
   Maximum output required time after clock: No path found
   Maximum combinational path delay: 12.791ns

Timing Detail:
--------------
All values displayed in nanoseconds (ns)

=========================================================================
Timing constraint: Default path analysis
  Total number of paths / destination ports: 702 / 16
-------------------------------------------------------------------------
Delay:               12.791ns (Levels of Logic = 6)
  Source:            a<2> (PAD)
  Destination:       res<7> (PAD)

  Data Path: a<2> to res<7>
                                Gate     Net
    Cell:in->out      fanout   Delay   Delay  Logical Name (Net Name)
    ----------------------------------------  ------------
     IBUF:I->O            11   1.218   0.933  a_2_IBUF (a_2_IBUF)
     MULT18X18SIO:A2->P7    1   4.344   0.424  Mmult_res_int_mult0000 (res_int_mult0000<7>)
     LUT4:I3->O            2   0.704   0.451  res<7>40_SW0 (N14)
     LUT4:I3->O            1   0.704   0.000  res<7>3071 (res<7>307)
     MUXF5:I1->O           1   0.321   0.420  res<7>307_f5 (res_7_OBUF)
     OBUF:I->O                 3.272          res_7_OBUF (res<7>)
    ----------------------------------------
    Total                     12.791ns (10.563ns logic, 2.228ns route)
                                       (82.6% logic, 17.4% route)

=========================================================================


Total REAL time to Xst completion: 6.00 secs
Total CPU time to Xst completion: 5.95 secs
 
--> 

Total memory usage is 247424 kilobytes

Number of errors   :    0 (   0 filtered)
Number of warnings :    0 (   0 filtered)
Number of infos    :    0 (   0 filtered)

