Release 14.7 - ngc2edif P.20131013 (nt64)
Copyright (c) 1995-2013 Xilinx, Inc.  All rights reserved.
Reading design ALU_4x4.ngc ...
WARNING:NetListWriters:298 - No output is written to ALU_4x4.xncf, ignored.
Processing design ...
   Preping design's networks ...
   Preping design's macros ...
  finished :Prep
Writing EDIF netlist file ALU_4x4.edif ...
ngc2edif: Total memory usage is 78040 kilobytes

Release 14.7 - ngc2edif P.20131013 (nt64)
Copyright (c) 1995-2013 Xilinx, Inc.  All rights reserved.
Reading design ALU_4x4.ngc ...
WARNING:NetListWriters:298 - No output is written to ALU_4x4.xncf, ignored.
Processing design ...
   Preping design's networks ...
   Preping design's macros ...
  finished :Prep
Writing EDIF netlist file ALU_4x4.edif ...
ngc2edif: Total memory usage is 78040 kilobytes

Release 14.7 - ngc2edif P.20131013 (nt64)
Copyright (c) 1995-2013 Xilinx, Inc.  All rights reserved.
Reading design ALU_4x4.ngc ...
WARNING:NetListWriters:298 - No output is written to ALU_4x4.xncf, ignored.
Processing design ...
   Preping design's networks ...
   Preping design's macros ...
  finished :Prep
Writing EDIF netlist file ALU_4x4.edif ...
ngc2edif: Total memory usage is 78040 kilobytes

Release 14.7 - ngc2edif P.20131013 (nt64)
Copyright (c) 1995-2013 Xilinx, Inc.  All rights reserved.
Reading design ALU_4x4.ngc ...
WARNING:NetListWriters:298 - No output is written to ALU_4x4.xncf, ignored.
Processing design ...
   Preping design's networks ...
   Preping design's macros ...
  finished :Prep
Writing EDIF netlist file ALU_4x4.edif ...
ngc2edif: Total memory usage is 78040 kilobytes

