Release 14.7 - xst P.20131013 (nt64)
Copyright (c) 1995-2013 Xilinx, Inc.  All rights reserved.
--> Parameter TMPDIR set to xst/projnav.tmp


Total REAL time to Xst completion: 0.00 secs
Total CPU time to Xst completion: 0.16 secs
 
--> Parameter xsthdpdir set to xst


Total REAL time to Xst completion: 0.00 secs
Total CPU time to Xst completion: 0.16 secs
 
--> Reading design: timer1seg.prj

TABLE OF CONTENTS
  1) Synthesis Options Summary
  2) HDL Compilation
  3) Design Hierarchy Analysis
  4) HDL Analysis
  5) HDL Synthesis
     5.1) HDL Synthesis Report
  6) Advanced HDL Synthesis
     6.1) Advanced HDL Synthesis Report
  7) Low Level Synthesis
  8) Partition Report
  9) Final Report
	9.1) Device utilization summary
	9.2) Partition Resource Summary
	9.3) TIMING REPORT


=========================================================================
*                      Synthesis Options Summary                        *
=========================================================================
---- Source Parameters
Input File Name                    : "timer1seg.prj"
Input Format                       : mixed
Ignore Synthesis Constraint File   : NO

---- Target Parameters
Output File Name                   : "timer1seg"
Output Format                      : NGC
Target Device                      : xc3s500e-4-fg320

---- Source Options
Top Module Name                    : timer1seg
Automatic FSM Extraction           : YES
FSM Encoding Algorithm             : Auto
Safe Implementation                : No
FSM Style                          : LUT
RAM Extraction                     : Yes
RAM Style                          : Auto
ROM Extraction                     : Yes
Mux Style                          : Auto
Decoder Extraction                 : YES
Priority Encoder Extraction        : Yes
Shift Register Extraction          : YES
Logical Shifter Extraction         : YES
XOR Collapsing                     : YES
ROM Style                          : Auto
Mux Extraction                     : Yes
Resource Sharing                   : YES
Asynchronous To Synchronous        : NO
Multiplier Style                   : Auto
Automatic Register Balancing       : No

---- Target Options
Add IO Buffers                     : YES
Global Maximum Fanout              : 500
Add Generic Clock Buffer(BUFG)     : 24
Register Duplication               : YES
Slice Packing                      : YES
Optimize Instantiated Primitives   : NO
Use Clock Enable                   : Yes
Use Synchronous Set                : Yes
Use Synchronous Reset              : Yes
Pack IO Registers into IOBs        : Auto
Equivalent register Removal        : YES

---- General Options
Optimization Goal                  : Speed
Optimization Effort                : 1
Keep Hierarchy                     : No
Netlist Hierarchy                  : As_Optimized
RTL Output                         : Yes
Global Optimization                : AllClockNets
Read Cores                         : YES
Write Timing Constraints           : NO
Cross Clock Analysis               : NO
Hierarchy Separator                : /
Bus Delimiter                      : <>
Case Specifier                     : Maintain
Slice Utilization Ratio            : 100
BRAM Utilization Ratio             : 100
Verilog 2001                       : YES
Auto BRAM Packing                  : NO
Slice Utilization Ratio Delta      : 5

=========================================================================


=========================================================================
*                          HDL Compilation                              *
=========================================================================
Compiling vhdl file "C:/Users/Ing. Luis M. Huesca/Desktop/masters/SisDig/timer1seg_ISE/timer1seg.vhd" in Library work.
Entity <timer1seg> compiled.
Entity <timer1seg> (Architecture <Behavioral>) compiled.

=========================================================================
*                     Design Hierarchy Analysis                         *
=========================================================================
Analyzing hierarchy for entity <timer1seg> in library <work> (architecture <Behavioral>).


=========================================================================
*                            HDL Analysis                               *
=========================================================================
Analyzing Entity <timer1seg> in library <work> (Architecture <Behavioral>).
Entity <timer1seg> analyzed. Unit <timer1seg> generated.


=========================================================================
*                           HDL Synthesis                               *
=========================================================================

Performing bidirectional port resolution...

Synthesizing Unit <timer1seg>.
    Related source file is "C:/Users/Ing. Luis M. Huesca/Desktop/masters/SisDig/timer1seg_ISE/timer1seg.vhd".
    Found 1-bit register for signal <clk1s>.
    Found 32-bit up counter for signal <cuenta>.
    Found 1-bit register for signal <i_clk>.
    Summary:
	inferred   1 Counter(s).
	inferred   2 D-type flip-flop(s).
Unit <timer1seg> synthesized.


=========================================================================
HDL Synthesis Report

Macro Statistics
# Counters                                             : 1
 32-bit up counter                                     : 1
# Registers                                            : 2
 1-bit register                                        : 2

=========================================================================

=========================================================================
*                       Advanced HDL Synthesis                          *
=========================================================================


=========================================================================
Advanced HDL Synthesis Report

Macro Statistics
# Counters                                             : 1
 32-bit up counter                                     : 1
# Registers                                            : 2
 Flip-Flops                                            : 2

=========================================================================

=========================================================================
*                         Low Level Synthesis                           *
=========================================================================

Optimizing unit <timer1seg> ...

Mapping all equations...
Building and optimizing final netlist ...
Found area constraint ratio of 100 (+ 5) on block timer1seg, actual ratio is 0.

Final Macro Processing ...

=========================================================================
Final Register Report

Macro Statistics
# Registers                                            : 34
 Flip-Flops                                            : 34

=========================================================================

=========================================================================
*                           Partition Report                            *
=========================================================================

Partition Implementation Status
-------------------------------

  No Partitions were found in this design.

-------------------------------

=========================================================================
*                            Final Report                               *
=========================================================================
Final Results
RTL Top Level Output File Name     : timer1seg.ngr
Top Level Output File Name         : timer1seg
Output Format                      : NGC
Optimization Goal                  : Speed
Keep Hierarchy                     : No

Design Statistics
# IOs                              : 3

Cell Usage :
# BELS                             : 147
#      GND                         : 1
#      INV                         : 3
#      LUT1                        : 31
#      LUT2                        : 32
#      LUT4                        : 8
#      MUXCY                       : 39
#      VCC                         : 1
#      XORCY                       : 32
# FlipFlops/Latches                : 34
#      FDC                         : 33
#      FDE                         : 1
# Clock Buffers                    : 1
#      BUFGP                       : 1
# IO Buffers                       : 2
#      IBUF                        : 1
#      OBUF                        : 1
=========================================================================

Device utilization summary:
---------------------------

Selected Device : 3s500efg320-4 

 Number of Slices:                       40  out of   4656     0%  
 Number of Slice Flip Flops:             34  out of   9312     0%  
 Number of 4 input LUTs:                 74  out of   9312     0%  
 Number of IOs:                           3
 Number of bonded IOBs:                   3  out of    232     1%  
 Number of GCLKs:                         1  out of     24     4%  

---------------------------
Partition Resource Summary:
---------------------------

  No Partitions were found in this design.

---------------------------


=========================================================================
TIMING REPORT

NOTE: THESE TIMING NUMBERS ARE ONLY A SYNTHESIS ESTIMATE.
      FOR ACCURATE TIMING INFORMATION PLEASE REFER TO THE TRACE REPORT
      GENERATED AFTER PLACE-and-ROUTE.

Clock Information:
------------------
-----------------------------------+------------------------+-------+
Clock Signal                       | Clock buffer(FF name)  | Load  |
-----------------------------------+------------------------+-------+
clk                                | BUFGP                  | 33    |
i_clk                              | NONE(clk1s)            | 1     |
-----------------------------------+------------------------+-------+
INFO:Xst:2169 - HDL ADVISOR - Some clock signals were not automatically buffered by XST with BUFG/BUFR resources. Please use the buffer_type constraint in order to insert these buffers to the clock signals to help prevent skew problems.

Asynchronous Control Signals Information:
----------------------------------------
-----------------------------------+------------------------+-------+
Control Signal                     | Buffer(FF name)        | Load  |
-----------------------------------+------------------------+-------+
rst                                | IBUF                   | 33    |
-----------------------------------+------------------------+-------+

Timing Summary:
---------------
Speed Grade: -4

   Minimum period: 6.407ns (Maximum Frequency: 156.079MHz)
   Minimum input arrival time before clock: 4.160ns
   Maximum output required time after clock: 4.310ns
   Maximum combinational path delay: No path found

Timing Detail:
--------------
All values displayed in nanoseconds (ns)

=========================================================================
Timing constraint: Default period analysis for Clock 'clk'
  Clock period: 6.407ns (frequency: 156.079MHz)
  Total number of paths / destination ports: 1584 / 33
-------------------------------------------------------------------------
Delay:               6.407ns (Levels of Logic = 33)
  Source:            cuenta_1 (FF)
  Destination:       cuenta_31 (FF)
  Source Clock:      clk rising
  Destination Clock: clk rising

  Data Path: cuenta_1 to cuenta_31
                                Gate     Net
    Cell:in->out      fanout   Delay   Delay  Logical Name (Net Name)
    ----------------------------------------  ------------
     FDC:C->Q              2   0.591   0.622  cuenta_1 (cuenta_1)
     LUT1:I0->O            1   0.704   0.000  Mcount_cuenta_cy<1>_rt (Mcount_cuenta_cy<1>_rt)
     MUXCY:S->O            1   0.464   0.000  Mcount_cuenta_cy<1> (Mcount_cuenta_cy<1>)
     MUXCY:CI->O           1   0.059   0.000  Mcount_cuenta_cy<2> (Mcount_cuenta_cy<2>)
     MUXCY:CI->O           1   0.059   0.000  Mcount_cuenta_cy<3> (Mcount_cuenta_cy<3>)
     MUXCY:CI->O           1   0.059   0.000  Mcount_cuenta_cy<4> (Mcount_cuenta_cy<4>)
     MUXCY:CI->O           1   0.059   0.000  Mcount_cuenta_cy<5> (Mcount_cuenta_cy<5>)
     MUXCY:CI->O           1   0.059   0.000  Mcount_cuenta_cy<6> (Mcount_cuenta_cy<6>)
     MUXCY:CI->O           1   0.059   0.000  Mcount_cuenta_cy<7> (Mcount_cuenta_cy<7>)
     MUXCY:CI->O           1   0.059   0.000  Mcount_cuenta_cy<8> (Mcount_cuenta_cy<8>)
     MUXCY:CI->O           1   0.059   0.000  Mcount_cuenta_cy<9> (Mcount_cuenta_cy<9>)
     MUXCY:CI->O           1   0.059   0.000  Mcount_cuenta_cy<10> (Mcount_cuenta_cy<10>)
     MUXCY:CI->O           1   0.059   0.000  Mcount_cuenta_cy<11> (Mcount_cuenta_cy<11>)
     MUXCY:CI->O           1   0.059   0.000  Mcount_cuenta_cy<12> (Mcount_cuenta_cy<12>)
     MUXCY:CI->O           1   0.059   0.000  Mcount_cuenta_cy<13> (Mcount_cuenta_cy<13>)
     MUXCY:CI->O           1   0.059   0.000  Mcount_cuenta_cy<14> (Mcount_cuenta_cy<14>)
     MUXCY:CI->O           1   0.059   0.000  Mcount_cuenta_cy<15> (Mcount_cuenta_cy<15>)
     MUXCY:CI->O           1   0.059   0.000  Mcount_cuenta_cy<16> (Mcount_cuenta_cy<16>)
     MUXCY:CI->O           1   0.059   0.000  Mcount_cuenta_cy<17> (Mcount_cuenta_cy<17>)
     MUXCY:CI->O           1   0.059   0.000  Mcount_cuenta_cy<18> (Mcount_cuenta_cy<18>)
     MUXCY:CI->O           1   0.059   0.000  Mcount_cuenta_cy<19> (Mcount_cuenta_cy<19>)
     MUXCY:CI->O           1   0.059   0.000  Mcount_cuenta_cy<20> (Mcount_cuenta_cy<20>)
     MUXCY:CI->O           1   0.059   0.000  Mcount_cuenta_cy<21> (Mcount_cuenta_cy<21>)
     MUXCY:CI->O           1   0.059   0.000  Mcount_cuenta_cy<22> (Mcount_cuenta_cy<22>)
     MUXCY:CI->O           1   0.059   0.000  Mcount_cuenta_cy<23> (Mcount_cuenta_cy<23>)
     MUXCY:CI->O           1   0.059   0.000  Mcount_cuenta_cy<24> (Mcount_cuenta_cy<24>)
     MUXCY:CI->O           1   0.059   0.000  Mcount_cuenta_cy<25> (Mcount_cuenta_cy<25>)
     MUXCY:CI->O           1   0.059   0.000  Mcount_cuenta_cy<26> (Mcount_cuenta_cy<26>)
     MUXCY:CI->O           1   0.059   0.000  Mcount_cuenta_cy<27> (Mcount_cuenta_cy<27>)
     MUXCY:CI->O           1   0.059   0.000  Mcount_cuenta_cy<28> (Mcount_cuenta_cy<28>)
     MUXCY:CI->O           1   0.059   0.000  Mcount_cuenta_cy<29> (Mcount_cuenta_cy<29>)
     MUXCY:CI->O           0   0.059   0.000  Mcount_cuenta_cy<30> (Mcount_cuenta_cy<30>)
     XORCY:CI->O           1   0.804   0.499  Mcount_cuenta_xor<31> (Result<31>)
     LUT2:I1->O            1   0.704   0.000  Mcount_cuenta_eqn_311 (Mcount_cuenta_eqn_31)
     FDC:D                     0.308          cuenta_31
    ----------------------------------------
    Total                      6.407ns (5.286ns logic, 1.121ns route)
                                       (82.5% logic, 17.5% route)

=========================================================================
Timing constraint: Default period analysis for Clock 'i_clk'
  Clock period: 2.470ns (frequency: 404.858MHz)
  Total number of paths / destination ports: 1 / 1
-------------------------------------------------------------------------
Delay:               2.470ns (Levels of Logic = 1)
  Source:            clk1s (FF)
  Destination:       clk1s (FF)
  Source Clock:      i_clk rising
  Destination Clock: i_clk rising

  Data Path: clk1s to clk1s
                                Gate     Net
    Cell:in->out      fanout   Delay   Delay  Logical Name (Net Name)
    ----------------------------------------  ------------
     FDC:C->Q              2   0.591   0.447  clk1s (clk1s_OBUF)
     INV:I->O              1   0.704   0.420  clk1s_not00011_INV_0 (clk1s_not0001)
     FDC:D                     0.308          clk1s
    ----------------------------------------
    Total                      2.470ns (1.603ns logic, 0.867ns route)
                                       (64.9% logic, 35.1% route)

=========================================================================
Timing constraint: Default OFFSET IN BEFORE for Clock 'clk'
  Total number of paths / destination ports: 1 / 1
-------------------------------------------------------------------------
Offset:              4.160ns (Levels of Logic = 2)
  Source:            rst (PAD)
  Destination:       i_clk (FF)
  Destination Clock: clk rising

  Data Path: rst to i_clk
                                Gate     Net
    Cell:in->out      fanout   Delay   Delay  Logical Name (Net Name)
    ----------------------------------------  ------------
     IBUF:I->O            34   1.218   1.263  rst_IBUF (rst_IBUF)
     INV:I->O              1   0.704   0.420  rst_inv1_INV_0 (rst_inv)
     FDE:CE                    0.555          i_clk
    ----------------------------------------
    Total                      4.160ns (2.477ns logic, 1.683ns route)
                                       (59.5% logic, 40.5% route)

=========================================================================
Timing constraint: Default OFFSET OUT AFTER for Clock 'i_clk'
  Total number of paths / destination ports: 1 / 1
-------------------------------------------------------------------------
Offset:              4.310ns (Levels of Logic = 1)
  Source:            clk1s (FF)
  Destination:       clk1s (PAD)
  Source Clock:      i_clk rising

  Data Path: clk1s to clk1s
                                Gate     Net
    Cell:in->out      fanout   Delay   Delay  Logical Name (Net Name)
    ----------------------------------------  ------------
     FDC:C->Q              2   0.591   0.447  clk1s (clk1s_OBUF)
     OBUF:I->O                 3.272          clk1s_OBUF (clk1s)
    ----------------------------------------
    Total                      4.310ns (3.863ns logic, 0.447ns route)
                                       (89.6% logic, 10.4% route)

=========================================================================


Total REAL time to Xst completion: 6.00 secs
Total CPU time to Xst completion: 5.99 secs
 
--> 

Total memory usage is 235496 kilobytes

Number of errors   :    0 (   0 filtered)
Number of warnings :    0 (   0 filtered)
Number of infos    :    1 (   0 filtered)

