Release 14.7 - xst P.20131013 (nt64)
Copyright (c) 1995-2013 Xilinx, Inc.  All rights reserved.
--> Parameter TMPDIR set to xst/projnav.tmp


Total REAL time to Xst completion: 0.00 secs
Total CPU time to Xst completion: 0.12 secs
 
--> Parameter xsthdpdir set to xst


Total REAL time to Xst completion: 0.00 secs
Total CPU time to Xst completion: 0.12 secs
 
--> Reading design: ALU_4x4.prj

TABLE OF CONTENTS
  1) Synthesis Options Summary
  2) HDL Parsing
  3) HDL Elaboration
  4) HDL Synthesis
       4.1) HDL Synthesis Report
  5) Advanced HDL Synthesis
       5.1) Advanced HDL Synthesis Report
  6) Low Level Synthesis
  7) Partition Report
  8) Design Summary
       8.1) Primitive and Black Box Usage
       8.2) Device utilization summary
       8.3) Partition Resource Summary
       8.4) Timing Report
            8.4.1) Clock Information
            8.4.2) Asynchronous Control Signals Information
            8.4.3) Timing Summary
            8.4.4) Timing Details
            8.4.5) Cross Clock Domains Report


=========================================================================
*                      Synthesis Options Summary                        *
=========================================================================
---- Source Parameters
Input File Name                    : "ALU_4x4.prj"
Ignore Synthesis Constraint File   : NO

---- Target Parameters
Output File Name                   : "ALU_4x4"
Output Format                      : NGC
Target Device                      : xc6slx16-3-csg324

---- Source Options
Top Module Name                    : ALU_4x4
Automatic FSM Extraction           : YES
FSM Encoding Algorithm             : Auto
Safe Implementation                : No
FSM Style                          : LUT
RAM Extraction                     : Yes
RAM Style                          : Auto
ROM Extraction                     : Yes
Shift Register Extraction          : YES
ROM Style                          : Auto
Resource Sharing                   : YES
Asynchronous To Synchronous        : NO
Shift Register Minimum Size        : 2
Use DSP Block                      : Auto
Automatic Register Balancing       : No

---- Target Options
LUT Combining                      : Auto
Reduce Control Sets                : Auto
Add IO Buffers                     : YES
Global Maximum Fanout              : 100000
Add Generic Clock Buffer(BUFG)     : 16
Register Duplication               : YES
Optimize Instantiated Primitives   : NO
Use Clock Enable                   : Auto
Use Synchronous Set                : Auto
Use Synchronous Reset              : Auto
Pack IO Registers into IOBs        : Auto
Equivalent register Removal        : YES

---- General Options
Optimization Goal                  : Speed
Optimization Effort                : 1
Power Reduction                    : NO
Keep Hierarchy                     : No
Netlist Hierarchy                  : As_Optimized
RTL Output                         : Yes
Global Optimization                : AllClockNets
Read Cores                         : YES
Write Timing Constraints           : NO
Cross Clock Analysis               : NO
Hierarchy Separator                : /
Bus Delimiter                      : <>
Case Specifier                     : Maintain
Slice Utilization Ratio            : 100
BRAM Utilization Ratio             : 100
DSP48 Utilization Ratio            : 100
Auto BRAM Packing                  : NO
Slice Utilization Ratio Delta      : 5

=========================================================================


=========================================================================
*                          HDL Parsing                                  *
=========================================================================
Parsing VHDL file "C:\SisDig\ALU_4x4_ISE\ALU_4x4.vhd" into library work
Parsing entity <ALU_4x4>.
Parsing architecture <Behavioral> of entity <alu_4x4>.

=========================================================================
*                            HDL Elaboration                            *
=========================================================================

Elaborating entity <ALU_4x4> (architecture <Behavioral>) from library <work>.
WARNING:HDLCompiler:92 - "C:\SisDig\ALU_4x4_ISE\ALU_4x4.vhd" Line 35: b should be on the sensitivity list of the process
WARNING:HDLCompiler:92 - "C:\SisDig\ALU_4x4_ISE\ALU_4x4.vhd" Line 37: a should be on the sensitivity list of the process

=========================================================================
*                           HDL Synthesis                               *
=========================================================================

Synthesizing Unit <ALU_4x4>.
    Related source file is "C:\SisDig\ALU_4x4_ISE\ALU_4x4.vhd".
    Found 5-bit adder for signal <ai[4]_bi[4]_add_4_OUT> created at line 33.
    Found 5-bit subtractor for signal <GND_5_o_GND_5_o_sub_7_OUT<4:0>> created at line 35.
    Found 5-bit 4-to-1 multiplexer for signal <ri> created at line 24.
    Summary:
	inferred   1 Adder/Subtractor(s).
	inferred   2 Multiplexer(s).
Unit <ALU_4x4> synthesized.

=========================================================================
HDL Synthesis Report

Macro Statistics
# Adders/Subtractors                                   : 1
 5-bit addsub                                          : 1
# Multiplexers                                         : 2
 5-bit 2-to-1 multiplexer                              : 2

=========================================================================
INFO:Xst:1767 - HDL ADVISOR - Resource sharing has identified that some arithmetic operations in this design can share the same physical resources for reduced device utilization. For improved clock frequency you may try to disable resource sharing.

=========================================================================
*                       Advanced HDL Synthesis                          *
=========================================================================


=========================================================================
Advanced HDL Synthesis Report

Macro Statistics
# Adders/Subtractors                                   : 1
 5-bit addsub                                          : 1
# Multiplexers                                         : 2
 5-bit 2-to-1 multiplexer                              : 2

=========================================================================

=========================================================================
*                         Low Level Synthesis                           *
=========================================================================

Optimizing unit <ALU_4x4> ...

Mapping all equations...
Building and optimizing final netlist ...
Found area constraint ratio of 100 (+ 5) on block ALU_4x4, actual ratio is 0.

Final Macro Processing ...

=========================================================================
Final Register Report

Found no macro
=========================================================================

=========================================================================
*                           Partition Report                            *
=========================================================================

Partition Implementation Status
-------------------------------

  No Partitions were found in this design.

-------------------------------

=========================================================================
*                            Design Summary                             *
=========================================================================

Top Level Output File Name         : ALU_4x4.ngc

Primitive and Black Box Usage:
------------------------------
# BELS                             : 7
#      LUT4                        : 2
#      LUT5                        : 4
#      LUT6                        : 1
# IO Buffers                       : 15
#      IBUF                        : 10
#      OBUF                        : 5

Device utilization summary:
---------------------------

Selected Device : 6slx16csg324-3 


Slice Logic Utilization: 
 Number of Slice LUTs:                    7  out of   9112     0%  
    Number used as Logic:                 7  out of   9112     0%  

Slice Logic Distribution: 
 Number of LUT Flip Flop pairs used:      7
   Number with an unused Flip Flop:       7  out of      7   100%  
   Number with an unused LUT:             0  out of      7     0%  
   Number of fully used LUT-FF pairs:     0  out of      7     0%  
   Number of unique control sets:         0

IO Utilization: 
 Number of IOs:                          15
 Number of bonded IOBs:                  15  out of    232     6%  

Specific Feature Utilization:

---------------------------
Partition Resource Summary:
---------------------------

  No Partitions were found in this design.

---------------------------


=========================================================================
Timing Report

NOTE: THESE TIMING NUMBERS ARE ONLY A SYNTHESIS ESTIMATE.
      FOR ACCURATE TIMING INFORMATION PLEASE REFER TO THE TRACE REPORT
      GENERATED AFTER PLACE-and-ROUTE.

Clock Information:
------------------
No clock signals found in this design

Asynchronous Control Signals Information:
----------------------------------------
No asynchronous control signals found in this design

Timing Summary:
---------------
Speed Grade: -3

   Minimum period: No path found
   Minimum input arrival time before clock: No path found
   Maximum output required time after clock: No path found
   Maximum combinational path delay: 7.325ns

Timing Details:
---------------
All values displayed in nanoseconds (ns)

=========================================================================
Timing constraint: Default path analysis
  Total number of paths / destination ports: 43 / 5
-------------------------------------------------------------------------
Delay:               7.325ns (Levels of Logic = 5)
  Source:            op<0> (PAD)
  Destination:       cout (PAD)

  Data Path: op<0> to cout
                                Gate     Net
    Cell:in->out      fanout   Delay   Delay  Logical Name (Net Name)
    ----------------------------------------  ------------
     IBUF:I->O             7   1.222   1.002  op_0_IBUF (Mmux_ri1_rs_lut<4>)
     LUT5:I2->O            2   0.205   0.617  Mmux_ri1_rs_cy<1>11 (Mmux_ri1_rs_cy<1>)
     LUT4:I3->O            2   0.205   0.721  Mmux_ri1_rs_cy<2>11 (Mmux_ri1_rs_cy<2>)
     LUT5:I3->O            1   0.203   0.579  Mmux_ri311 (cout_OBUF)
     OBUF:I->O                 2.571          cout_OBUF (cout)
    ----------------------------------------
    Total                      7.325ns (4.406ns logic, 2.919ns route)
                                       (60.2% logic, 39.8% route)

=========================================================================

Cross Clock Domains Report:
--------------------------

=========================================================================


Total REAL time to Xst completion: 5.00 secs
Total CPU time to Xst completion: 5.48 secs
 
--> 

Total memory usage is 223988 kilobytes

Number of errors   :    0 (   0 filtered)
Number of warnings :    2 (   0 filtered)
Number of infos    :    1 (   0 filtered)

