#-----------------------------------------------------------
# PlanAhead v14.7 (64-bit)
# Build 321239 by xbuild on Fri Sep 27 19:29:51 MDT 2013
# Start of session at: Wed Oct 25 22:54:53 2017
# Process ID: 8184
# Log file: C:/Users/Ing. Luis M. Huesca/Desktop/masters/SisDig/MotoraPaso_MEF_I/planAhead_run_3/planAhead.log
# Journal file: C:/Users/Ing. Luis M. Huesca/Desktop/masters/SisDig/MotoraPaso_MEF_I/planAhead_run_3/planAhead.jou
#-----------------------------------------------------------
INFO: [Common 17-78] Attempting to get a license: PlanAhead
INFO: [Common 17-290] Got license for PlanAhead
INFO: [Common 17-86] Your PlanAhead license expires in -604 day(s)
INFO: [Device 21-36] Loading parts and site information from C:/Xilinx/14.7/ISE_DS/PlanAhead/data/parts/arch.xml
Parsing RTL primitives file [C:/Xilinx/14.7/ISE_DS/PlanAhead/data/parts/xilinx/rtl/prims/rtl_prims.xml]
Finished parsing RTL primitives file [C:/Xilinx/14.7/ISE_DS/PlanAhead/data/parts/xilinx/rtl/prims/rtl_prims.xml]
start_gui
source {C:/Users/Ing. Luis M. Huesca/Desktop/masters/SisDig/MotoraPaso_MEF_I/pa.fromNetlist.tcl}
# create_project -name MotoraPaso_MEF_I -dir "C:/Users/Ing. Luis M. Huesca/Desktop/masters/SisDig/MotoraPaso_MEF_I/planAhead_run_3" -part xc3s500efg320-4
# set_property design_mode GateLvl [get_property srcset [current_run -impl]]
# set_property edif_top_file "C:/Users/Ing. Luis M. Huesca/Desktop/masters/SisDig/MotoraPaso_MEF_I/top_motor.ngc" [ get_property srcset [ current_run ] ]
# add_files -norecurse { {C:/Users/Ing. Luis M. Huesca/Desktop/masters/SisDig/MotoraPaso_MEF_I} }
# set_param project.pinAheadLayout  yes
# set_property target_constrs_file "spartan3e.ucf" [current_fileset -constrset]
Adding file 'C:/Users/Ing. Luis M. Huesca/Desktop/masters/SisDig/MotoraPaso_MEF_I/spartan3e.ucf' to fileset 'constrs_1'
# add_files [list {spartan3e.ucf}] -fileset [get_property constrset [current_run]]
# link_design
Design is defaulting to srcset: sources_1
Design is defaulting to constrset: constrs_1
Design is defaulting to project part: xc3s500efg320-4
Release 14.7 - ngc2edif P.20131013 (nt64)
Copyright (c) 1995-2013 Xilinx, Inc.  All rights reserved.
Reading design top_motor.ngc ...
WARNING:NetListWriters:298 - No output is written to top_motor.xncf, ignored.
Processing design ...
   Preping design's networks ...
   Preping design's macros ...
  finished :Prep
Writing EDIF netlist file top_motor.edif ...
ngc2edif: Total memory usage is 77980 kilobytes

Parsing EDIF File [./planAhead_run_3/MotoraPaso_MEF_I.data/cache/top_motor_ngc_zx.edif]
Finished Parsing EDIF File [./planAhead_run_3/MotoraPaso_MEF_I.data/cache/top_motor_ngc_zx.edif]
INFO: [Designutils 20-910] Reading macro library C:/Xilinx/14.7/ISE_DS/PlanAhead/data\./parts/xilinx/spartan3e/spartan3e/hd_int_macros.edn
Parsing EDIF File [C:/Xilinx/14.7/ISE_DS/PlanAhead/data\./parts/xilinx/spartan3e/spartan3e/hd_int_macros.edn]
Finished Parsing EDIF File [C:/Xilinx/14.7/ISE_DS/PlanAhead/data\./parts/xilinx/spartan3e/spartan3e/hd_int_macros.edn]
Loading clock regions from C:/Xilinx/14.7/ISE_DS/PlanAhead/data\parts/xilinx/spartan3e/spartan3e/xc3s500e/ClockRegion.xml
Loading clock buffers from C:/Xilinx/14.7/ISE_DS/PlanAhead/data\parts/xilinx/spartan3e/spartan3e/xc3s500e/ClockBuffers.xml
Loading package from C:/Xilinx/14.7/ISE_DS/PlanAhead/data\parts/xilinx/spartan3e/spartan3e/xc3s500e/fg320/Package.xml
Loading io standards from C:/Xilinx/14.7/ISE_DS/PlanAhead/data\./parts/xilinx/spartan3e/IOStandards.xml
INFO: [Device 21-19] Loading pkg sso from C:/Xilinx/14.7/ISE_DS/PlanAhead/data\parts/xilinx/spartan3e/spartan3e/xc3s500e/fg320/SSORules.xml
Loading list of drcs for the architecture : C:/Xilinx/14.7/ISE_DS/PlanAhead/data\./parts/xilinx/spartan3e/spartan3e/drc.xml
INFO: [Timing 38-77] Reading timing library C:/Xilinx/14.7/ISE_DS/PlanAhead/data\parts/xilinx/spartan3e/spartan3e/spartan3e-4.lib.
INFO: [Timing 38-34] Done reading timing library C:/Xilinx/14.7/ISE_DS/PlanAhead/data\parts/xilinx/spartan3e/spartan3e/spartan3e-4.lib.
Parsing UCF File [C:/Users/Ing. Luis M. Huesca/Desktop/masters/SisDig/MotoraPaso_MEF_I/spartan3e.ucf]
Finished Parsing UCF File [C:/Users/Ing. Luis M. Huesca/Desktop/masters/SisDig/MotoraPaso_MEF_I/spartan3e.ucf]
INFO: [Project 1-111] Unisim Transformation Summary:
No Unisim elements were transformed.

Phase 0 | Netlist Checksum: a9661654
link_design: Time (s): elapsed = 00:00:10 . Memory (MB): peak = 554.137 ; gain = 118.535
exit
ERROR: [PlanAhead 12-106] *** Exception: ui.h.b: Found deleted key in HTclEventBroker. Verify if the classes listed here call cleanup()
HTclEvent: DEBUG_CORE_CONFIG_CHANGE   Classes: ui.views.aR 
HTclEvent: SIGNAL_BUS_MODIFY   Classes: ui.views.aR 
HTclEvent: DEBUG_PORT_CONFIG_CHANGE   Classes: ui.views.aR 
HTclEvent: SIGNAL_MODIFY   Classes: ui.views.aR 
 (See C:/Users/Ing. Luis M. Huesca/Desktop/masters/SisDig/MotoraPaso_MEF_I\planAhead_pid8184.debug)
ERROR: [Common 17-39] 'stop_gui' failed due to earlier errors.
INFO: [Common 17-206] Exiting PlanAhead at Wed Oct 25 22:56:04 2017...
INFO: [Common 17-83] Releasing license: PlanAhead
