
****** PlanAhead v14.7 (64-bit)
  **** Build 321239 by xbuild on Fri Sep 27 19:29:51 MDT 2013
    ** Copyright 1986-1999, 2001-2013 Xilinx, Inc. All Rights Reserved.

INFO: [Common 17-78] Attempting to get a license: PlanAhead
INFO: [Common 17-290] Got license for PlanAhead
INFO: [Device 21-36] Loading parts and site information from C:/Xilinx/14.7/ISE_DS/PlanAhead/data/parts/arch.xml
Parsing RTL primitives file [C:/Xilinx/14.7/ISE_DS/PlanAhead/data/parts/xilinx/rtl/prims/rtl_prims.xml]
Finished parsing RTL primitives file [C:/Xilinx/14.7/ISE_DS/PlanAhead/data/parts/xilinx/rtl/prims/rtl_prims.xml]
start_gui
source C:/SisDig/Cont_1Hz_ISE/pa.fromNetlist.tcl
# create_project -name Cont_1Hz_ISE -dir "C:/SisDig/Cont_1Hz_ISE/planAhead_run_1" -part xc6slx16csg324-2
# set_property design_mode GateLvl [get_property srcset [current_run -impl]]
# set_property edif_top_file "C:/SisDig/Cont_1Hz_ISE/timer1seg.ngc" [ get_property srcset [ current_run ] ]
# add_files -norecurse { {C:/SisDig/Cont_1Hz_ISE} }
# set_param project.pinAheadLayout  yes
# set_property target_constrs_file "timer1seg.ucf" [current_fileset -constrset]
Adding file 'C:/SisDig/Cont_1Hz_ISE/timer1seg.ucf' to fileset 'constrs_1'
# add_files [list {timer1seg.ucf}] -fileset [get_property constrset [current_run]]
# link_design
Design is defaulting to srcset: sources_1
Design is defaulting to constrset: constrs_1
Design is defaulting to project part: xc6slx16csg324-2
Release 14.7 - ngc2edif P.20131013 (nt64)
Copyright (c) 1995-2013 Xilinx, Inc.  All rights reserved.
Reading design timer1seg.ngc ...
WARNING:NetListWriters:298 - No output is written to timer1seg.xncf, ignored.
Processing design ...
   Preping design's networks ...
   Preping design's macros ...
  finished :Prep
Writing EDIF netlist file timer1seg.edif ...
ngc2edif: Total memory usage is 78036 kilobytes

Parsing EDIF File [./planAhead_run_1/Cont_1Hz_ISE.data/cache/timer1seg_ngc_zx.edif]
Finished Parsing EDIF File [./planAhead_run_1/Cont_1Hz_ISE.data/cache/timer1seg_ngc_zx.edif]
INFO: [Netlist 29-17] Analyzing 1 Unisim elements for replacement
INFO: [Netlist 29-28] Unisim Transformation completed in 0 CPU seconds
Loading clock regions from C:/Xilinx/14.7/ISE_DS/PlanAhead/data\parts/xilinx/spartan6/spartan6lx/xc6slx16/ClockRegion.xml
Loading clock buffers from C:/Xilinx/14.7/ISE_DS/PlanAhead/data\parts/xilinx/spartan6/spartan6lx/xc6slx16/ClockBuffers.xml
Loading package pin functions from C:/Xilinx/14.7/ISE_DS/PlanAhead/data\parts/xilinx/spartan6/PinFunctions.xml...
Loading package from C:/Xilinx/14.7/ISE_DS/PlanAhead/data\parts/xilinx/spartan6/spartan6lx/xc6slx16/csg324/Package.xml
Loading io standards from C:/Xilinx/14.7/ISE_DS/PlanAhead/data\./parts/xilinx/spartan6/IOStandards.xml
Loading device configuration modes from C:/Xilinx/14.7/ISE_DS/PlanAhead/data\parts/xilinx/spartan6/ConfigModes.xml
Loading list of drcs for the architecture : C:/Xilinx/14.7/ISE_DS/PlanAhead/data\./parts/xilinx/spartan6/drc.xml
Parsing UCF File [C:/SisDig/Cont_1Hz_ISE/timer1seg.ucf]
Finished Parsing UCF File [C:/SisDig/Cont_1Hz_ISE/timer1seg.ucf]
INFO: [Project 1-111] Unisim Transformation Summary:
  A total of 1 instances were transformed.
  BUFGP => BUFGP (IBUF, BUFG): 1 instances

Phase 0 | Netlist Checksum: ffdc982e
link_design: Time (s): elapsed = 00:00:16 . Memory (MB): peak = 581.426 ; gain = 139.352
exit
ERROR: [Common 17-39] 'stop_gui' failed due to earlier errors.
INFO: [Common 17-206] Exiting PlanAhead at Sat Oct 14 09:43:22 2017...
INFO: [Common 17-83] Releasing license: PlanAhead
