
****** PlanAhead v14.7 (64-bit)
  **** Build 321239 by xbuild on Fri Sep 27 19:29:51 MDT 2013
    ** Copyright 1986-1999, 2001-2013 Xilinx, Inc. All Rights Reserved.

INFO: [Common 17-78] Attempting to get a license: PlanAhead
INFO: [Common 17-290] Got license for PlanAhead
INFO: [Device 21-36] Loading parts and site information from C:/Xilinx/14.7/ISE_DS/PlanAhead/data/parts/arch.xml
Parsing RTL primitives file [C:/Xilinx/14.7/ISE_DS/PlanAhead/data/parts/xilinx/rtl/prims/rtl_prims.xml]
Finished parsing RTL primitives file [C:/Xilinx/14.7/ISE_DS/PlanAhead/data/parts/xilinx/rtl/prims/rtl_prims.xml]
start_gui
source C:/SisDig/ALU_4x4_ISE/pa.fromNetlist.tcl
# create_project -name ALU_4x4_ISE -dir "C:/SisDig/ALU_4x4_ISE/planAhead_run_2" -part xc6slx16csg324-3
# set_property design_mode GateLvl [get_property srcset [current_run -impl]]
# set_property edif_top_file "C:/SisDig/ALU_4x4_ISE/ALU_4x4.ngc" [ get_property srcset [ current_run ] ]
# add_files -norecurse { {C:/SisDig/ALU_4x4_ISE} }
# set_param project.pinAheadLayout  yes
# set_property target_constrs_file "ALU_4x4.ucf" [current_fileset -constrset]
Adding file 'C:/SisDig/ALU_4x4_ISE/ALU_4x4.ucf' to fileset 'constrs_1'
# add_files [list {ALU_4x4.ucf}] -fileset [get_property constrset [current_run]]
# link_design
Design is defaulting to srcset: sources_1
Design is defaulting to constrset: constrs_1
Design is defaulting to project part: xc6slx16csg324-3
Release 14.7 - ngc2edif P.20131013 (nt64)
Copyright (c) 1995-2013 Xilinx, Inc.  All rights reserved.
Reading design ALU_4x4.ngc ...
WARNING:NetListWriters:298 - No output is written to ALU_4x4.xncf, ignored.
Processing design ...
   Preping design's networks ...
   Preping design's macros ...
  finished :Prep
Writing EDIF netlist file ALU_4x4.edif ...
ngc2edif: Total memory usage is 78040 kilobytes

Parsing EDIF File [./planAhead_run_2/ALU_4x4_ISE.data/cache/ALU_4x4_ngc_zx.edif]
Finished Parsing EDIF File [./planAhead_run_2/ALU_4x4_ISE.data/cache/ALU_4x4_ngc_zx.edif]
Loading clock regions from C:/Xilinx/14.7/ISE_DS/PlanAhead/data\parts/xilinx/spartan6/spartan6lx/xc6slx16/ClockRegion.xml
Loading clock buffers from C:/Xilinx/14.7/ISE_DS/PlanAhead/data\parts/xilinx/spartan6/spartan6lx/xc6slx16/ClockBuffers.xml
Loading package pin functions from C:/Xilinx/14.7/ISE_DS/PlanAhead/data\parts/xilinx/spartan6/PinFunctions.xml...
Loading package from C:/Xilinx/14.7/ISE_DS/PlanAhead/data\parts/xilinx/spartan6/spartan6lx/xc6slx16/csg324/Package.xml
Loading io standards from C:/Xilinx/14.7/ISE_DS/PlanAhead/data\./parts/xilinx/spartan6/IOStandards.xml
Loading device configuration modes from C:/Xilinx/14.7/ISE_DS/PlanAhead/data\parts/xilinx/spartan6/ConfigModes.xml
Loading list of drcs for the architecture : C:/Xilinx/14.7/ISE_DS/PlanAhead/data\./parts/xilinx/spartan6/drc.xml
Parsing UCF File [C:/SisDig/ALU_4x4_ISE/ALU_4x4.ucf]
Finished Parsing UCF File [C:/SisDig/ALU_4x4_ISE/ALU_4x4.ucf]
INFO: [Project 1-111] Unisim Transformation Summary:
No Unisim elements were transformed.

Phase 0 | Netlist Checksum: 785e07dd
link_design: Time (s): elapsed = 00:00:11 . Memory (MB): peak = 578.020 ; gain = 143.426
exit
ERROR: [Common 17-39] 'stop_gui' failed due to earlier errors.
INFO: [Common 17-206] Exiting PlanAhead at Sat Oct 07 09:31:28 2017...
INFO: [Common 17-83] Releasing license: PlanAhead
